MilkShape 3D 1.7.0
Parsing OpenGL configuration...
Initializing mxToolKit...
Loading globals...
Creating Application...
Initializing DevIL...
Loading...
Initializing PluginManager...
Trying PlugIn: C:\Program Files (x86)\MilkShape 3D 1.7.0\ms3DSExporter.dll
Loading PlugIn: C:\Program Files (x86)\MilkShape 3D 1.7.0\ms3DSExporter.dll
Trying PlugIn: C:\Program Files (x86)\MilkShape 3D 1.7.0\ms3DSImporter.dll
Loading PlugIn: C:\Program Files (x86)\MilkShape 3D 1.7.0\ms3DSImporter.dll
Trying PlugIn: C:\Program Files (x86)\MilkShape 3D 1.7.0\ms3dtExporter.dll
Loading PlugIn: C:\Program Files (x86)\MilkShape 3D 1.7.0\ms3dtExporter.dll
Trying PlugIn: C:\Program Files (x86)\MilkShape 3D 1.7.0\msABCExporter.dll
Loading PlugIn: C:\Program Files (x86)\MilkShape 3D 1.7.0\msABCExporter.dll
Trying PlugIn: C:\Program Files (x86)\MilkShape 3D 1.7.0\msABCImporter.dll
Loading PlugIn: C:\Program Files (x86)\MilkShape 3D 1.7.0\msABCImporter.dll
Trying PlugIn: C:\Program Files (x86)\MilkShape 3D 1.7.0\msAlignment.dll
Loading PlugIn: C:\Program Files (x86)\MilkShape 3D 1.7.0\msAlignment.dll
Trying PlugIn: C:\Program Files (x86)\MilkShape 3D 1.7.0\msASCIIExporter.dll
Loading PlugIn: C:\Program Files (x86)\MilkShape 3D 1.7.0\msASCIIExporter.dll
Trying PlugIn: C:\Program Files (x86)\MilkShape 3D 1.7.0\msASCIIImporter.dll
Loading PlugIn: C:\Program Files (x86)\MilkShape 3D 1.7.0\msASCIIImporter.dll
Trying PlugIn: C:\Program Files (x86)\MilkShape 3D 1.7.0\msBasePlug.dll
Loading PlugIn: C:\Program Files (x86)\MilkShape 3D 1.7.0\msBasePlug.dll
Trying PlugIn: C:\Program Files (x86)\MilkShape 3D 1.7.0\msBlitz3DExporter.dll
Loading PlugIn: C:\Program Files (x86)\MilkShape 3D 1.7.0\msBlitz3DExporter.dll
Trying PlugIn: C:\Program Files (x86)\MilkShape 3D 1.7.0\msBridge.dll
Loading PlugIn: C:\Program Files (x86)\MilkShape 3D 1.7.0\msBridge.dll
Trying PlugIn: C:\Program Files (x86)\MilkShape 3D 1.7.0\msClean.dll
Loading PlugIn: C:\Program Files (x86)\MilkShape 3D 1.7.0\msClean.dll
Trying PlugIn: C:\Program Files (x86)\MilkShape 3D 1.7.0\msCPP.dll
Trying PlugIn: C:\Program Files (x86)\MilkShape 3D 1.7.0\msCreateFace.dll
Loading PlugIn: C:\Program Files (x86)\MilkShape 3D 1.7.0\msCreateFace.dll
Trying PlugIn: C:\Program Files (x86)\MilkShape 3D 1.7.0\msD3DExporter.dll
Loading PlugIn: C:\Program Files (x86)\MilkShape 3D 1.7.0\msD3DExporter.dll
Trying PlugIn: C:\Program Files (x86)\MilkShape 3D 1.7.0\msDirectXMeshTools.dll
Loading PlugIn: C:\Program Files (x86)\MilkShape 3D 1.7.0\msDirectXMeshTools.dll
Trying PlugIn: C:\Program Files (x86)\MilkShape 3D 1.7.0\msExtrudeEdges.dll
Loading PlugIn: C:\Program Files (x86)\MilkShape 3D 1.7.0\msExtrudeEdges.dll
Trying PlugIn: C:\Program Files (x86)\MilkShape 3D 1.7.0\msGenMAPExporter.dll
Loading PlugIn: C:\Program Files (x86)\MilkShape 3D 1.7.0\msGenMAPExporter.dll
Trying PlugIn: C:\Program Files (x86)\MilkShape 3D 1.7.0\msGLMImporter.dll
Loading PlugIn: C:\Program Files (x86)\MilkShape 3D 1.7.0\msGLMImporter.dll
Trying PlugIn: C:\Program Files (x86)\MilkShape 3D 1.7.0\msHeightMap.dll
Loading PlugIn: C:\Program Files (x86)\MilkShape 3D 1.7.0\msHeightMap.dll
Trying PlugIn: C:\Program Files (x86)\MilkShape 3D 1.7.0\msHideFaces.dll
Loading PlugIn: C:\Program Files (x86)\MilkShape 3D 1.7.0\msHideFaces.dll
Trying PlugIn: C:\Program Files (x86)\MilkShape 3D 1.7.0\msJointTool.dll
Loading PlugIn: C:\Program Files (x86)\MilkShape 3D 1.7.0\msJointTool.dll
Trying PlugIn: C:\Program Files (x86)\MilkShape 3D 1.7.0\msLathe.dll
Loading PlugIn: C:\Program Files (x86)\MilkShape 3D 1.7.0\msLathe.dll
Trying PlugIn: C:\Program Files (x86)\MilkShape 3D 1.7.0\msLUVImporter.dll
Loading PlugIn: C:\Program Files (x86)\MilkShape 3D 1.7.0\msLUVImporter.dll
Trying PlugIn: C:\Program Files (x86)\MilkShape 3D 1.7.0\msLWOExporter.dll
Loading PlugIn: C:\Program Files (x86)\MilkShape 3D 1.7.0\msLWOExporter.dll
Trying PlugIn: C:\Program Files (x86)\MilkShape 3D 1.7.0\msLWOImporter.dll
Loading PlugIn: C:\Program Files (x86)\MilkShape 3D 1.7.0\msLWOImporter.dll
Trying PlugIn: C:\Program Files (x86)\MilkShape 3D 1.7.0\msManualEdit.dll
Loading PlugIn: C:\Program Files (x86)\MilkShape 3D 1.7.0\msManualEdit.dll
Trying PlugIn: C:\Program Files (x86)\MilkShape 3D 1.7.0\msMAPExporter.dll
Loading PlugIn: C:\Program Files (x86)\MilkShape 3D 1.7.0\msMAPExporter.dll
Trying PlugIn: C:\Program Files (x86)\MilkShape 3D 1.7.0\msMDCImporter.dll
Loading PlugIn: C:\Program Files (x86)\MilkShape 3D 1.7.0\msMDCImporter.dll
Trying PlugIn: C:\Program Files (x86)\MilkShape 3D 1.7.0\msMDCImporter2.dll
Loading PlugIn: C:\Program Files (x86)\MilkShape 3D 1.7.0\msMDCImporter2.dll
Trying PlugIn: C:\Program Files (x86)\MilkShape 3D 1.7.0\msMDLDecompiler.dll
Loading PlugIn: C:\Program Files (x86)\MilkShape 3D 1.7.0\msMDLDecompiler.dll
Trying PlugIn: C:\Program Files (x86)\MilkShape 3D 1.7.0\msMDXImporter.dll
Loading PlugIn: C:\Program Files (x86)\MilkShape 3D 1.7.0\msMDXImporter.dll
Trying PlugIn: C:\Program Files (x86)\MilkShape 3D 1.7.0\msModelLib.dll
Trying PlugIn: C:\Program Files (x86)\MilkShape 3D 1.7.0\msNebulaExporter.dll
Loading PlugIn: C:\Program Files (x86)\MilkShape 3D 1.7.0\msNebulaExporter.dll
Trying PlugIn: C:\Program Files (x86)\MilkShape 3D 1.7.0\msNODExporter.dll
Loading PlugIn: C:\Program Files (x86)\MilkShape 3D 1.7.0\msNODExporter.dll
Trying PlugIn: C:\Program Files (x86)\MilkShape 3D 1.7.0\msNODImporter.dll
Loading PlugIn: C:\Program Files (x86)\MilkShape 3D 1.7.0\msNODImporter.dll
Trying PlugIn: C:\Program Files (x86)\MilkShape 3D 1.7.0\msNovodeX.dll
Loading PlugIn: C:\Program Files (x86)\MilkShape 3D 1.7.0\msNovodeX.dll
Trying PlugIn: C:\Program Files (x86)\MilkShape 3D 1.7.0\msOperationMirrorAll.dll
Loading PlugIn: C:\Program Files (x86)\MilkShape 3D 1.7.0\msOperationMirrorAll.dll
Trying PlugIn: C:\Program Files (x86)\MilkShape 3D 1.7.0\msOperationSmoothEdge.dll
Loading PlugIn: C:\Program Files (x86)\MilkShape 3D 1.7.0\msOperationSmoothEdge.dll
Trying PlugIn: C:\Program Files (x86)\MilkShape 3D 1.7.0\msOrbiterMesh.dll
Loading PlugIn: C:\Program Files (x86)\MilkShape 3D 1.7.0\msOrbiterMesh.dll
Trying PlugIn: C:\Program Files (x86)\MilkShape 3D 1.7.0\msPOVRay35Exporter.dll
Loading PlugIn: C:\Program Files (x86)\MilkShape 3D 1.7.0\msPOVRay35Exporter.dll
Trying PlugIn: C:\Program Files (x86)\MilkShape 3D 1.7.0\msPrimitiveObject.dll
Loading PlugIn: C:\Program Files (x86)\MilkShape 3D 1.7.0\msPrimitiveObject.dll
Trying PlugIn: C:\Program Files (x86)\MilkShape 3D 1.7.0\msPSKExporter.dll
Loading PlugIn: C:\Program Files (x86)\MilkShape 3D 1.7.0\msPSKExporter.dll
Trying PlugIn: C:\Program Files (x86)\MilkShape 3D 1.7.0\msPSKImporter.dll
Loading PlugIn: C:\Program Files (x86)\MilkShape 3D 1.7.0\msPSKImporter.dll
Trying PlugIn: C:\Program Files (x86)\MilkShape 3D 1.7.0\msQOBImporter.dll
Loading PlugIn: C:\Program Files (x86)\MilkShape 3D 1.7.0\msQOBImporter.dll
Trying PlugIn: C:\Program Files (x86)\MilkShape 3D 1.7.0\msRawExporter.dll
Loading PlugIn: C:\Program Files (x86)\MilkShape 3D 1.7.0\msRawExporter.dll
Trying PlugIn: C:\Program Files (x86)\MilkShape 3D 1.7.0\msRawImporter.dll
Loading PlugIn: C:\Program Files (x86)\MilkShape 3D 1.7.0\msRawImporter.dll
Trying PlugIn: C:\Program Files (x86)\MilkShape 3D 1.7.0\msRF2Exporter.dll
Loading PlugIn: C:\Program Files (x86)\MilkShape 3D 1.7.0\msRF2Exporter.dll
Trying PlugIn: C:\Program Files (x86)\MilkShape 3D 1.7.0\msRF2Importer.dll
Loading PlugIn: C:\Program Files (x86)\MilkShape 3D 1.7.0\msRF2Importer.dll
Trying PlugIn: C:\Program Files (x86)\MilkShape 3D 1.7.0\msRIBExporter.dll
Loading PlugIn: C:\Program Files (x86)\MilkShape 3D 1.7.0\msRIBExporter.dll
Trying PlugIn: C:\Program Files (x86)\MilkShape 3D 1.7.0\msRotateAll.dll
Loading PlugIn: C:\Program Files (x86)\MilkShape 3D 1.7.0\msRotateAll.dll
Trying PlugIn: C:\Program Files (x86)\MilkShape 3D 1.7.0\msScaleAnim.dll
Loading PlugIn: C:\Program Files (x86)\MilkShape 3D 1.7.0\msScaleAnim.dll
Trying PlugIn: C:\Program Files (x86)\MilkShape 3D 1.7.0\msSelectionEditor.dll
Loading PlugIn: C:\Program Files (x86)\MilkShape 3D 1.7.0\msSelectionEditor.dll
Trying PlugIn: C:\Program Files (x86)\MilkShape 3D 1.7.0\msSelPolyCount.dll
Loading PlugIn: C:\Program Files (x86)\MilkShape 3D 1.7.0\msSelPolyCount.dll
Trying PlugIn: C:\Program Files (x86)\MilkShape 3D 1.7.0\msShortCutMgr.dll
Loading PlugIn: C:\Program Files (x86)\MilkShape 3D 1.7.0\msShortCutMgr.dll
Trying PlugIn: C:\Program Files (x86)\MilkShape 3D 1.7.0\msSnap.dll
Loading PlugIn: C:\Program Files (x86)\MilkShape 3D 1.7.0\msSnap.dll
Trying PlugIn: C:\Program Files (x86)\MilkShape 3D 1.7.0\msStretch.dll
Loading PlugIn: C:\Program Files (x86)\MilkShape 3D 1.7.0\msStretch.dll
Trying PlugIn: C:\Program Files (x86)\MilkShape 3D 1.7.0\msTerGen.dll
Loading PlugIn: C:\Program Files (x86)\MilkShape 3D 1.7.0\msTerGen.dll
Trying PlugIn: C:\Program Files (x86)\MilkShape 3D 1.7.0\msTextGen.dll
Loading PlugIn: C:\Program Files (x86)\MilkShape 3D 1.7.0\msTextGen.dll
Trying PlugIn: C:\Program Files (x86)\MilkShape 3D 1.7.0\msTileTextureMapper.dll
Loading PlugIn: C:\Program Files (x86)\MilkShape 3D 1.7.0\msTileTextureMapper.dll
Trying PlugIn: C:\Program Files (x86)\MilkShape 3D 1.7.0\msTMDImporter.dll
Loading PlugIn: C:\Program Files (x86)\MilkShape 3D 1.7.0\msTMDImporter.dll
Trying PlugIn: C:\Program Files (x86)\MilkShape 3D 1.7.0\msToolArray.dll
Loading PlugIn: C:\Program Files (x86)\MilkShape 3D 1.7.0\msToolArray.dll
Trying PlugIn: C:\Program Files (x86)\MilkShape 3D 1.7.0\msToolCleanModel.dll
Loading PlugIn: C:\Program Files (x86)\MilkShape 3D 1.7.0\msToolCleanModel.dll
Trying PlugIn: C:\Program Files (x86)\MilkShape 3D 1.7.0\msToolExplode.dll
Loading PlugIn: C:\Program Files (x86)\MilkShape 3D 1.7.0\msToolExplode.dll
Trying PlugIn: C:\Program Files (x86)\MilkShape 3D 1.7.0\msToolFatBoy.dll
Loading PlugIn: C:\Program Files (x86)\MilkShape 3D 1.7.0\msToolFatBoy.dll
Trying PlugIn: C:\Program Files (x86)\MilkShape 3D 1.7.0\msToolJS.dll
Loading PlugIn: C:\Program Files (x86)\MilkShape 3D 1.7.0\msToolJS.dll
Trying PlugIn: C:\Program Files (x86)\MilkShape 3D 1.7.0\msToolReverseAnimation.dll
Loading PlugIn: C:\Program Files (x86)\MilkShape 3D 1.7.0\msToolReverseAnimation.dll
Trying PlugIn: C:\Program Files (x86)\MilkShape 3D 1.7.0\msToolScaleAll.dll
Loading PlugIn: C:\Program Files (x86)\MilkShape 3D 1.7.0\msToolScaleAll.dll
Trying PlugIn: C:\Program Files (x86)\MilkShape 3D 1.7.0\msUnify.dll
Loading PlugIn: C:\Program Files (x86)\MilkShape 3D 1.7.0\msUnify.dll
Trying PlugIn: C:\Program Files (x86)\MilkShape 3D 1.7.0\MSVCP60.dll
Trying PlugIn: C:\Program Files (x86)\MilkShape 3D 1.7.0\msVertexPlane.dll
Loading PlugIn: C:\Program Files (x86)\MilkShape 3D 1.7.0\msVertexPlane.dll
Trying PlugIn: C:\Program Files (x86)\MilkShape 3D 1.7.0\msVRML97Exporter.dll
Loading PlugIn: C:\Program Files (x86)\MilkShape 3D 1.7.0\msVRML97Exporter.dll
Trying PlugIn: C:\Program Files (x86)\MilkShape 3D 1.7.0\msXExporter.dll
Loading PlugIn: C:\Program Files (x86)\MilkShape 3D 1.7.0\msXExporter.dll
Trying PlugIn: C:\Program Files (x86)\MilkShape 3D 1.7.0\msXSIImporter.dll
Loading PlugIn: C:\Program Files (x86)\MilkShape 3D 1.7.0\msXSIImporter.dll
Trying PlugIn: C:\Program Files (x86)\MilkShape 3D 1.7.0\msYafray.dll
Loading PlugIn: C:\Program Files (x86)\MilkShape 3D 1.7.0\msYafray.dll
Trying PlugIn: C:\Program Files (x86)\MilkShape 3D 1.7.0\msZy3DOExporter.dll
Loading PlugIn: C:\Program Files (x86)\MilkShape 3D 1.7.0\msZy3DOExporter.dll
Creating menubar...
Creating message window...
Creating ViewportManager...
mxGlWindow, GetDC
mxGlWindow, ChoosePixelFormat
mxGlWindow, SetPixelFormat
PixelFormat: 7

PixelFormat = 7
 nSize = 40
 nVersion = 1
 dwFlags = 
PFD_DRAW_TO_WINDOW|
PFD_SUPPORT_OPENGL|
PFD_DOUBLEBUFFER|
 iPixelType = 
PFD_TYPE_RGBA
*cColorBits = 32
 cRedBits = 0
 cRedShift = 0
 cGreenBits = 0
 cGreenShift = 0
 cBlueBits = 0
 cBlueShift = 0
 cAlphaBits = 0
 cAlphaShift = 0
 cAccumBits = 0
 cAccumRedBits = 0
 cAccumGreenBits = 0
 cAccumBlueBits = 0
 cAccumAlphaBits = 0
*cDepthBits = 32
*cStencilBits = 0
 cAuxBuffers = 0
 iLayerType = 0
 bReserved = 0
 dwLayerMask = 0
 dwVisibleMask = 0
 dwDamageMask = 0


mxGlWindow, wglCreateContext
mxGlWindow, wglMakeCurrent
mxGlWindow, GetDC
mxGlWindow, ChoosePixelFormat
mxGlWindow, SetPixelFormat
PixelFormat: 7

PixelFormat = 7
 nSize = 40
 nVersion = 1
 dwFlags = 
PFD_DRAW_TO_WINDOW|
PFD_SUPPORT_OPENGL|
PFD_DOUBLEBUFFER|
 iPixelType = 
PFD_TYPE_RGBA
*cColorBits = 32
 cRedBits = 0
 cRedShift = 0
 cGreenBits = 0
 cGreenShift = 0
 cBlueBits = 0
 cBlueShift = 0
 cAlphaBits = 0
 cAlphaShift = 0
 cAccumBits = 0
 cAccumRedBits = 0
 cAccumGreenBits = 0
 cAccumBlueBits = 0
 cAccumAlphaBits = 0
*cDepthBits = 32
*cStencilBits = 0
 cAuxBuffers = 0
 iLayerType = 0
 bReserved = 0
 dwLayerMask = 0
 dwVisibleMask = 0
 dwDamageMask = 0


mxGlWindow, wglCreateContext
mxGlWindow, wglMakeCurrent
mxGlWindow, GetDC
mxGlWindow, ChoosePixelFormat
mxGlWindow, SetPixelFormat
PixelFormat: 7

PixelFormat = 7
 nSize = 40
 nVersion = 1
 dwFlags = 
PFD_DRAW_TO_WINDOW|
PFD_SUPPORT_OPENGL|
PFD_DOUBLEBUFFER|
 iPixelType = 
PFD_TYPE_RGBA
*cColorBits = 32
 cRedBits = 0
 cRedShift = 0
 cGreenBits = 0
 cGreenShift = 0
 cBlueBits = 0
 cBlueShift = 0
 cAlphaBits = 0
 cAlphaShift = 0
 cAccumBits = 0
 cAccumRedBits = 0
 cAccumGreenBits = 0
 cAccumBlueBits = 0
 cAccumAlphaBits = 0
*cDepthBits = 32
*cStencilBits = 0
 cAuxBuffers = 0
 iLayerType = 0
 bReserved = 0
 dwLayerMask = 0
 dwVisibleMask = 0
 dwDamageMask = 0


mxGlWindow, wglCreateContext
mxGlWindow, wglMakeCurrent
mxGlWindow, GetDC
mxGlWindow, ChoosePixelFormat
mxGlWindow, SetPixelFormat
PixelFormat: 7

PixelFormat = 7
 nSize = 40
 nVersion = 1
 dwFlags = 
PFD_DRAW_TO_WINDOW|
PFD_SUPPORT_OPENGL|
PFD_DOUBLEBUFFER|
 iPixelType = 
PFD_TYPE_RGBA
*cColorBits = 32
 cRedBits = 0
 cRedShift = 0
 cGreenBits = 0
 cGreenShift = 0
 cBlueBits = 0
 cBlueShift = 0
 cAlphaBits = 0
 cAlphaShift = 0
 cAccumBits = 0
 cAccumRedBits = 0
 cAccumGreenBits = 0
 cAccumBlueBits = 0
 cAccumAlphaBits = 0
*cDepthBits = 32
*cStencilBits = 0
 cAuxBuffers = 0
 iLayerType = 0
 bReserved = 0
 dwLayerMask = 0
 dwVisibleMask = 0
 dwDamageMask = 0


mxGlWindow, wglCreateContext
mxGlWindow, wglMakeCurrent
Creating ControlPanel...
Creating Material Preview...
mxGlWindow, GetDC
mxGlWindow, ChoosePixelFormat
mxGlWindow, SetPixelFormat
PixelFormat: 7

PixelFormat = 7
 nSize = 40
 nVersion = 1
 dwFlags = 
PFD_DRAW_TO_WINDOW|
PFD_SUPPORT_OPENGL|
PFD_DOUBLEBUFFER|
 iPixelType = 
PFD_TYPE_RGBA
*cColorBits = 32
 cRedBits = 0
 cRedShift = 0
 cGreenBits = 0
 cGreenShift = 0
 cBlueBits = 0
 cBlueShift = 0
 cAlphaBits = 0
 cAlphaShift = 0
 cAccumBits = 0
 cAccumRedBits = 0
 cAccumGreenBits = 0
 cAccumBlueBits = 0
 cAccumAlphaBits = 0
*cDepthBits = 32
*cStencilBits = 0
 cAuxBuffers = 0
 iLayerType = 0
 bReserved = 0
 dwLayerMask = 0
 dwVisibleMask = 0
 dwDamageMask = 0


mxGlWindow, wglCreateContext
mxGlWindow, wglMakeCurrent
Creating StatusBar...
Creating TexCoordEditor...
mxGlWindow, GetDC
mxGlWindow, ChoosePixelFormat
mxGlWindow, SetPixelFormat
PixelFormat: 7

PixelFormat = 7
 nSize = 40
 nVersion = 1
 dwFlags = 
PFD_DRAW_TO_WINDOW|
PFD_SUPPORT_OPENGL|
PFD_DOUBLEBUFFER|
 iPixelType = 
PFD_TYPE_RGBA
*cColorBits = 32
 cRedBits = 0
 cRedShift = 0
 cGreenBits = 0
 cGreenShift = 0
 cBlueBits = 0
 cBlueShift = 0
 cAlphaBits = 0
 cAlphaShift = 0
 cAccumBits = 0
 cAccumRedBits = 0
 cAccumGreenBits = 0
 cAccumBlueBits = 0
 cAccumAlphaBits = 0
*cDepthBits = 32
*cStencilBits = 0
 cAuxBuffers = 0
 iLayerType = 0
 bReserved = 0
 dwLayerMask = 0
 dwVisibleMask = 0
 dwDamageMask = 0


mxGlWindow, wglCreateContext
mxGlWindow, wglMakeCurrent
Creating KeyFramer...
Creating Preferences...
Initializing keyframer...
Max Tex Size: 8192
Downloading background textures...

glGetStrings:
GeForce GTX 280/PCI/SSE2
NVIDIA Corporation
3.3.0
GL_ARB_blend_func_extended GL_ARB_color_buffer_float GL_ARB_compatibility GL_ARB_copy_buffer GL_ARB_depth_buffer_float GL_ARB_depth_clamp GL_ARB_depth_texture GL_ARB_draw_buffers GL_ARB_draw_elements_base_vertex GL_ARB_draw_instanced GL_ARB_ES2_compatibility GL_ARB_explicit_attrib_location GL_ARB_fragment_coord_conventions GL_ARB_fragment_program GL_ARB_fragment_program_shadow GL_ARB_fragment_shader GL_ARB_framebuffer_object GL_ARB_framebuffer_sRGB GL_ARB_geometry_shader4 GL_ARB_get_program_binary GL_ARB_half_float_pixel GL_ARB_half_float_vertex GL_ARB_imaging GL_ARB_instanced_arrays GL_ARB_map_buffer_range GL_ARB_multisample GL_ARB_multitexture GL_ARB_occlusion_query GL_ARB_occlusion_query2 GL_ARB_pixel_buffer_object GL_ARB_point_parameters GL_ARB_point_sprite GL_ARB_provoking_vertex GL_ARB_robustness GL_ARB_sampler_objects GL_ARB_seamless_cube_map GL_ARB_separate_shader_objects GL_ARB_shader_bit_encoding GL_ARB_shader_objects GL_ARB_shading_language_100 GL_ARB_shading_language_include GL_ARB_shadow GL_ARB_sync GL_ARB_texture_border_clamp GL_ARB_texture_buffer_object GL_ARB_texture_compression GL_ARB_texture_compression_rgtc GL_ARB_texture_cube_map GL_ARB_texture_env_add GL_ARB_texture_env_combine GL_ARB_texture_env_crossbar GL_ARB_texture_env_dot3 GL_ARB_texture_float GL_ARB_texture_mirrored_repeat GL_ARB_texture_multisample GL_ARB_texture_non_power_of_two GL_ARB_texture_rectangle GL_ARB_texture_rg GL_ARB_texture_rgb10_a2ui GL_ARB_texture_swizzle GL_ARB_timer_query GL_ARB_transform_feedback2 GL_ARB_transpose_matrix GL_ARB_uniform_buffer_object GL_ARB_vertex_array_bgra GL_ARB_vertex_array_object GL_ARB_vertex_buffer_object GL_ARB_vertex_program GL_ARB_vertex_shader GL_ARB_vertex_type_2_10_10_10_rev GL_ARB_viewport_array GL_ARB_window_pos GL_ATI_draw_buffers GL_ATI_texture_float GL_ATI_texture_mirror_once GL_S3_s3tc GL_EXT_texture_env_add GL_EXT_abgr GL_EXT_bgra GL_EXT_bindable_uniform GL_EXT_blend_color GL_EXT_blend_equation_separate GL_EXT_blend_func_separate GL_EXT_blend_minmax GL_EXT_blend_subtract GL_EXT_compiled_vertex_array GL_EXT_Cg_shader GL_EXT_depth_bounds_test GL_EXT_direct_state_access GL_EXT_draw_buffers2 GL_EXT_draw_instanced GL_EXT_draw_range_elements GL_EXT_fog_coord GL_EXT_framebuffer_blit GL_EXT_framebuffer_multisample GL_EXTX_framebuffer_mixed_formats GL_EXT_framebuffer_object GL_EXT_framebuffer_sRGB GL_EXT_geometry_shader4 GL_EXT_gpu_program_parameters GL_EXT_gpu_shader4 GL_EXT_multi_draw_arrays GL_EXT_packed_depth_stencil GL_EXT_packed_float GL_EXT_packed_pixels GL_EXT_pixel_buffer_object GL_EXT_point_parameters GL_EXT_provoking_vertex GL_EXT_rescale_normal GL_EXT_secondary_color GL_EXT_separate_shader_objects GL_EXT_separate_specular_color GL_EXT_shadow_funcs GL_EXT_stencil_two_side GL_EXT_stencil_wrap GL_EXT_texture3D GL_EXT_texture_array GL_EXT_texture_buffer_object GL_EXT_texture_compression_dxt1 GL_EXT_texture_compression_latc GL_EXT_texture_compression_rgtc GL_EXT_texture_compression_s3tc GL_EXT_texture_cube_map GL_EXT_texture_edge_clamp GL_EXT_texture_env_combine GL_EXT_texture_env_dot3 GL_EXT_texture_filter_anisotropic GL_EXT_texture_format_BGRA8888 GL_EXT_texture_integer GL_EXT_texture_lod GL_EXT_texture_lod_bias GL_EXT_texture_mirror_clamp GL_EXT_texture_object GL_EXT_texture_shared_exponent GL_EXT_texture_sRGB GL_EXT_texture_swizzle GL_EXT_texture_type_2_10_10_10_REV GL_EXT_timer_query GL_EXT_transform_feedback2 GL_EXT_vertex_array GL_EXT_vertex_array_bgra GL_IBM_rasterpos_clip GL_IBM_texture_mirrored_repeat GL_KTX_buffer_region GL_NV_alpha_test GL_NV_blend_minmax GL_NV_blend_square GL_NV_complex_primitives GL_NV_conditional_render GL_NV_copy_depth_to_color GL_NV_copy_image GL_NV_depth_buffer_float GL_NV_depth_clamp GL_NV_explicit_multisample GL_NV_fbo_color_attachments GL_NV_fence GL_NV_float_buffer GL_NV_fog_distance GL_NV_fragdepth GL_NV_fragment_program GL_NV_fragment_program_option GL_NV_fragment_program2 GL_NV_framebuffer_multisample_coverage GL_NV_geometry_shader4 GL_NV_gpu_program4 GL_NV_half_float GL_NV_light_max_exponent GL_NV_multisample_coverage GL_NV_multisample_filter_hint GL_NV_occlusion_query GL_NV_packed_depth_stencil GL_NV_parameter_buffer_object GL_NV_parameter_buffer_object2 GL_NV_path_rendering GL_NV_pixel_data_range GL_NV_point_sprite GL_NV_primitive_restart GL_NV_register_combiners GL_NV_register_combiners2 GL_NV_shader_buffer_load GL_NV_texgen_reflection GL_NV_texture_barrier GL_NV_texture_compression_vtc GL_NV_texture_env_combine4 GL_NV_texture_expand_normal GL_NV_texture_lod_clamp GL_NV_texture_multisample GL_NV_texture_rectangle GL_NV_texture_shader GL_NV_texture_shader2 GL_NV_texture_shader3 GL_NV_transform_feedback GL_NV_transform_feedback2 GL_NV_vertex_array_range GL_NV_vertex_array_range2 GL_NV_vertex_buffer_unified_memory GL_NV_vertex_program GL_NV_vertex_program1_1 GL_NV_vertex_program2 GL_NV_vertex_program2_option GL_NV_vertex_program3 GL_NVX_conditional_render GL_NVX_gpu_memory_info GL_OES_depth24 GL_OES_depth32 GL_OES_depth_texture GL_OES_element_index_uint GL_OES_fbo_render_mipmap GL_OES_get_program_binary GL_OES_mapbuffer GL_OES_packed_depth_stencil GL_OES_rgb8_rgba8 GL_OES_standard_derivatives GL_OES_texture_3D GL_OES_texture_float GL_OES_texture_float_linear GL_OES_texture_half_float GL_OES_texture_half_float_linear GL_OES_texture_npot GL_OES_vertex_array_object GL_OES_vertex_half_float GL_SGIS_generate_mipmap GL_SGIS_texture_lod GL_SGIX_depth_texture GL_SGIX_shadow GL_SUN_slice_accum GL_WIN_swap_hint WGL_EXT_swap_control 
Settings window placement...
Error loading texture "LAMP.tga": could not open file [1290].

Error downloading material: "Material01"

Preparing Context...
Done.
1
2
Running application...
Cleaning up mxToolKit.
